PASS n=64      k=64      dist=0  err=1.146e-15  cpu=1.1 ms gpu=0.6 ms  B=0 tiers(cache/recomp)=0.0/0.0 ms
PASS n=64      k=64      dist=0  err=1.025e-15  cpu=1.1 ms gpu=0.5 ms  B=0 tiers(cache/recomp)=0.0/0.0 ms
PASS n=64      k=64      dist=1  err=7.772e-16  cpu=0.9 ms gpu=0.5 ms  B=0 tiers(cache/recomp)=0.0/0.0 ms
PASS n=64      k=64      dist=1  err=6.662e-16  cpu=1.0 ms gpu=0.5 ms  B=0 tiers(cache/recomp)=0.0/0.0 ms
PASS n=64      k=64      dist=2  err=1.552e-15  cpu=1.0 ms gpu=0.5 ms  B=0 tiers(cache/recomp)=0.0/0.0 ms
PASS n=64      k=64      dist=2  err=1.495e-15  cpu=1.0 ms gpu=0.5 ms  B=0 tiers(cache/recomp)=0.0/0.0 ms
PASS n=256     k=100     dist=0  err=1.608e-15  cpu=8.9 ms gpu=1.1 ms  B=0 tiers(cache/recomp)=0.0/0.0 ms
PASS n=256     k=256     dist=0  err=1.172e-15  cpu=20.2 ms gpu=2.4 ms  B=0 tiers(cache/recomp)=0.0/0.0 ms
PASS n=256     k=100     dist=1  err=8.884e-16  cpu=10.6 ms gpu=1.1 ms  B=0 tiers(cache/recomp)=0.0/0.0 ms
PASS n=256     k=256     dist=1  err=1.776e-15  cpu=20.8 ms gpu=2.4 ms  B=0 tiers(cache/recomp)=0.0/0.0 ms
PASS n=256     k=100     dist=2  err=2.213e-15  cpu=8.2 ms gpu=1.1 ms  B=0 tiers(cache/recomp)=0.0/0.0 ms
PASS n=256     k=256     dist=2  err=1.917e-15  cpu=17.4 ms gpu=2.4 ms  B=0 tiers(cache/recomp)=0.0/0.0 ms
PASS n=1024    k=100     dist=0  err=3.684e-15  cpu=38.9 ms gpu=3.4 ms  B=0 tiers(cache/recomp)=0.0/0.0 ms
PASS n=1024    k=1024    dist=0  err=2.568e-15  cpu=63.8 ms gpu=61.0 ms  B=0 tiers(cache/recomp)=0.0/0.0 ms
PASS n=1024    k=100     dist=1  err=1.462e-14  cpu=46.2 ms gpu=3.4 ms  B=0 tiers(cache/recomp)=0.0/0.0 ms
PASS n=1024    k=1024    dist=1  err=7.327e-15  cpu=83.2 ms gpu=61.0 ms  B=0 tiers(cache/recomp)=0.0/0.0 ms
PASS n=1024    k=100     dist=2  err=2.320e-15  cpu=39.8 ms gpu=3.3 ms  B=0 tiers(cache/recomp)=0.0/0.0 ms
PASS n=1024    k=1024    dist=2  err=2.459e-15  cpu=66.4 ms gpu=61.0 ms  B=0 tiers(cache/recomp)=0.0/0.0 ms
PASS n=4096    k=100     dist=0  err=1.767e-15  cpu=177.3 ms gpu=0.5 ms  B=64 tiers(cache/recomp)=0.0/0.0 ms
PASS n=4096    k=4096    dist=0  err=4.217e-15  cpu=311.1 ms gpu=1.0 ms  B=64 tiers(cache/recomp)=0.0/0.0 ms
PASS n=4096    k=100     dist=1  err=4.533e-14  cpu=303.8 ms gpu=0.4 ms  B=64 tiers(cache/recomp)=0.0/0.0 ms
PASS n=4096    k=4096    dist=1  err=1.865e-14  cpu=387.7 ms gpu=0.9 ms  B=64 tiers(cache/recomp)=0.0/0.0 ms
PASS n=4096    k=100     dist=2  err=3.204e-15  cpu=168.8 ms gpu=0.4 ms  B=64 tiers(cache/recomp)=0.0/0.0 ms
PASS n=4096    k=4096    dist=2  err=2.816e-15  cpu=323.2 ms gpu=0.9 ms  B=64 tiers(cache/recomp)=0.0/0.0 ms
PASS n=16384   k=100     dist=0  err=5.338e-15  cpu=1298.9 ms gpu=1.5 ms  B=64 tiers(cache/recomp)=0.0/0.0 ms
PASS n=16384   k=16384   dist=0  err=7.538e-15  cpu=1575.7 ms gpu=4.5 ms  B=128 tiers(cache/recomp)=0.0/0.0 ms
PASS n=16384   k=100     dist=1  err=1.346e-13  cpu=2669.0 ms gpu=1.5 ms  B=64 tiers(cache/recomp)=0.0/0.0 ms
PASS n=16384   k=16384   dist=1  err=7.727e-14  cpu=1868.2 ms gpu=4.5 ms  B=128 tiers(cache/recomp)=0.0/0.0 ms
PASS n=16384   k=100     dist=2  err=2.983e-15  cpu=1160.8 ms gpu=1.5 ms  B=64 tiers(cache/recomp)=0.0/0.0 ms
PASS n=16384   k=16384   dist=2  err=7.471e-15  cpu=1601.4 ms gpu=4.5 ms  B=128 tiers(cache/recomp)=0.0/0.0 ms
PASS n=65536   k=100     dist=0  err=2.515e-14  cpu=7735.2 ms gpu=5.5 ms  B=64 tiers(cache/recomp)=0.0/0.0 ms
PASS n=65536   k=65536   dist=0  err=1.629e-14  cpu=8075.4 ms gpu=21.3 ms  B=128 tiers(cache/recomp)=0.0/0.0 ms
PASS n=65536   k=100     dist=1  err=7.569e-13  cpu=14778.3 ms gpu=5.4 ms  B=64 tiers(cache/recomp)=0.0/0.0 ms
PASS n=65536   k=65536   dist=1  err=2.984e-13  cpu=9114.4 ms gpu=21.3 ms  B=128 tiers(cache/recomp)=0.0/0.0 ms
PASS n=65536   k=100     dist=2  err=1.172e-14  cpu=7371.8 ms gpu=5.4 ms  B=64 tiers(cache/recomp)=0.0/0.0 ms
PASS n=65536   k=65536   dist=2  err=1.682e-14  cpu=8139.6 ms gpu=21.2 ms  B=128 tiers(cache/recomp)=0.0/0.0 ms
