PASS n=64      k=64      dist=0  err=1.135e-15  cpu=1.1 ms gpu=0.6 ms  B=0 tiers(cache/recomp)=0.0/0.0 ms
PASS n=64      k=64      dist=0  err=1.135e-15  cpu=1.0 ms gpu=0.5 ms  B=0 tiers(cache/recomp)=0.0/0.0 ms
PASS n=64      k=64      dist=1  err=7.772e-16  cpu=1.0 ms gpu=0.5 ms  B=0 tiers(cache/recomp)=0.0/0.0 ms
PASS n=64      k=64      dist=1  err=7.772e-16  cpu=0.9 ms gpu=0.5 ms  B=0 tiers(cache/recomp)=0.0/0.0 ms
PASS n=64      k=64      dist=2  err=1.552e-15  cpu=0.9 ms gpu=0.5 ms  B=0 tiers(cache/recomp)=0.0/0.0 ms
PASS n=64      k=64      dist=2  err=1.397e-15  cpu=0.9 ms gpu=0.5 ms  B=0 tiers(cache/recomp)=0.0/0.0 ms
PASS n=256     k=100     dist=0  err=1.845e-15  cpu=8.6 ms gpu=1.1 ms  B=0 tiers(cache/recomp)=0.0/0.0 ms
PASS n=256     k=256     dist=0  err=1.457e-15  cpu=20.4 ms gpu=2.4 ms  B=0 tiers(cache/recomp)=0.0/0.0 ms
PASS n=256     k=100     dist=1  err=7.772e-16  cpu=10.6 ms gpu=1.1 ms  B=0 tiers(cache/recomp)=0.0/0.0 ms
PASS n=256     k=256     dist=1  err=1.554e-15  cpu=20.5 ms gpu=2.4 ms  B=0 tiers(cache/recomp)=0.0/0.0 ms
PASS n=256     k=100     dist=2  err=2.025e-15  cpu=8.0 ms gpu=1.1 ms  B=0 tiers(cache/recomp)=0.0/0.0 ms
PASS n=256     k=256     dist=2  err=1.276e-15  cpu=16.8 ms gpu=2.4 ms  B=0 tiers(cache/recomp)=0.0/0.0 ms
PASS n=1024    k=100     dist=0  err=3.479e-15  cpu=39.1 ms gpu=3.4 ms  B=0 tiers(cache/recomp)=0.0/0.0 ms
PASS n=1024    k=1024    dist=0  err=2.568e-15  cpu=65.1 ms gpu=61.3 ms  B=0 tiers(cache/recomp)=0.0/0.0 ms
PASS n=1024    k=100     dist=1  err=1.462e-14  cpu=45.8 ms gpu=3.4 ms  B=0 tiers(cache/recomp)=0.0/0.0 ms
PASS n=1024    k=1024    dist=1  err=7.327e-15  cpu=83.6 ms gpu=61.1 ms  B=0 tiers(cache/recomp)=0.0/0.0 ms
PASS n=1024    k=100     dist=2  err=1.961e-15  cpu=38.8 ms gpu=3.4 ms  B=0 tiers(cache/recomp)=0.0/0.0 ms
PASS n=1024    k=1024    dist=2  err=2.459e-15  cpu=67.6 ms gpu=61.1 ms  B=0 tiers(cache/recomp)=0.0/0.0 ms
PASS n=4096    k=100     dist=0  err=1.944e-15  cpu=179.2 ms gpu=0.7 ms  B=64 tiers(cache/recomp)=0.0/0.0 ms
PASS n=4096    k=4096    dist=0  err=4.222e-15  cpu=313.5 ms gpu=1.0 ms  B=64 tiers(cache/recomp)=0.0/0.0 ms
PASS n=4096    k=100     dist=1  err=4.547e-14  cpu=308.2 ms gpu=0.4 ms  B=64 tiers(cache/recomp)=0.0/0.0 ms
PASS n=4096    k=4096    dist=1  err=1.865e-14  cpu=393.9 ms gpu=0.9 ms  B=64 tiers(cache/recomp)=0.0/0.0 ms
PASS n=4096    k=100     dist=2  err=3.204e-15  cpu=187.1 ms gpu=0.4 ms  B=64 tiers(cache/recomp)=0.0/0.0 ms
PASS n=4096    k=4096    dist=2  err=3.189e-15  cpu=323.7 ms gpu=0.9 ms  B=64 tiers(cache/recomp)=0.0/0.0 ms
PASS n=16384   k=100     dist=0  err=5.236e-15  cpu=1322.6 ms gpu=1.5 ms  B=64 tiers(cache/recomp)=0.0/0.0 ms
PASS n=16384   k=16384   dist=0  err=7.538e-15  cpu=1616.8 ms gpu=4.5 ms  B=128 tiers(cache/recomp)=0.0/0.0 ms
PASS n=16384   k=100     dist=1  err=1.346e-13  cpu=2768.0 ms gpu=1.5 ms  B=64 tiers(cache/recomp)=0.0/0.0 ms
PASS n=16384   k=16384   dist=1  err=7.705e-14  cpu=1902.4 ms gpu=4.5 ms  B=128 tiers(cache/recomp)=0.0/0.0 ms
PASS n=16384   k=100     dist=2  err=3.139e-15  cpu=1164.5 ms gpu=1.5 ms  B=64 tiers(cache/recomp)=0.0/0.0 ms
PASS n=16384   k=16384   dist=2  err=7.471e-15  cpu=1636.5 ms gpu=4.5 ms  B=128 tiers(cache/recomp)=0.0/0.0 ms
PASS n=65536   k=100     dist=0  err=2.515e-14  cpu=7701.6 ms gpu=5.5 ms  B=64 tiers(cache/recomp)=0.0/0.0 ms
PASS n=65536   k=65536   dist=0  err=1.539e-14  cpu=8239.5 ms gpu=21.3 ms  B=128 tiers(cache/recomp)=0.0/0.0 ms
PASS n=65536   k=100     dist=1  err=7.569e-13  cpu=14990.3 ms gpu=5.4 ms  B=64 tiers(cache/recomp)=0.0/0.0 ms
PASS n=65536   k=65536   dist=1  err=2.991e-13  cpu=9270.8 ms gpu=21.3 ms  B=128 tiers(cache/recomp)=0.0/0.0 ms
PASS n=65536   k=100     dist=2  err=1.172e-14  cpu=7559.4 ms gpu=5.4 ms  B=64 tiers(cache/recomp)=0.0/0.0 ms
PASS n=65536   k=65536   dist=2  err=1.660e-14  cpu=8294.1 ms gpu=21.3 ms  B=128 tiers(cache/recomp)=0.0/0.0 ms
