PASS n=64      k=64      dist=0  err=1.465e-15  cpu=1.2 ms gpu=0.6 ms  B=0 tiers(cache/recomp)=0.0/0.0 ms
PASS n=64      k=64      dist=0  err=1.047e-15  cpu=1.1 ms gpu=0.5 ms  B=0 tiers(cache/recomp)=0.0/0.0 ms
PASS n=64      k=64      dist=1  err=6.662e-16  cpu=0.9 ms gpu=0.5 ms  B=0 tiers(cache/recomp)=0.0/0.0 ms
PASS n=64      k=64      dist=1  err=8.883e-16  cpu=0.9 ms gpu=0.5 ms  B=0 tiers(cache/recomp)=0.0/0.0 ms
PASS n=64      k=64      dist=2  err=1.708e-15  cpu=0.9 ms gpu=0.5 ms  B=0 tiers(cache/recomp)=0.0/0.0 ms
PASS n=64      k=64      dist=2  err=1.329e-15  cpu=1.0 ms gpu=0.5 ms  B=0 tiers(cache/recomp)=0.0/0.0 ms
PASS n=256     k=100     dist=0  err=1.484e-15  cpu=8.7 ms gpu=1.1 ms  B=0 tiers(cache/recomp)=0.0/0.0 ms
PASS n=256     k=256     dist=0  err=1.568e-15  cpu=19.6 ms gpu=2.3 ms  B=0 tiers(cache/recomp)=0.0/0.0 ms
PASS n=256     k=100     dist=1  err=7.108e-16  cpu=10.4 ms gpu=1.1 ms  B=0 tiers(cache/recomp)=0.0/0.0 ms
PASS n=256     k=256     dist=1  err=1.554e-15  cpu=20.9 ms gpu=2.3 ms  B=0 tiers(cache/recomp)=0.0/0.0 ms
PASS n=256     k=100     dist=2  err=2.337e-15  cpu=8.1 ms gpu=1.1 ms  B=0 tiers(cache/recomp)=0.0/0.0 ms
PASS n=256     k=256     dist=2  err=1.726e-15  cpu=17.5 ms gpu=2.3 ms  B=0 tiers(cache/recomp)=0.0/0.0 ms
PASS n=1024    k=100     dist=0  err=2.215e-15  cpu=38.7 ms gpu=0.4 ms  B=32 tiers(cache/recomp)=0.0/0.0 ms
PASS n=1024    k=1024    dist=0  err=2.782e-15  cpu=63.8 ms gpu=0.3 ms  B=32 tiers(cache/recomp)=0.0/0.0 ms
PASS n=1024    k=100     dist=1  err=1.553e-14  cpu=45.8 ms gpu=0.2 ms  B=32 tiers(cache/recomp)=0.0/0.0 ms
PASS n=1024    k=1024    dist=1  err=5.551e-15  cpu=83.2 ms gpu=0.2 ms  B=32 tiers(cache/recomp)=0.0/0.0 ms
PASS n=1024    k=100     dist=2  err=1.428e-15  cpu=38.7 ms gpu=0.2 ms  B=32 tiers(cache/recomp)=0.0/0.0 ms
PASS n=1024    k=1024    dist=2  err=2.518e-15  cpu=66.7 ms gpu=0.2 ms  B=32 tiers(cache/recomp)=0.0/0.0 ms
PASS n=4096    k=100     dist=0  err=1.944e-15  cpu=179.4 ms gpu=0.4 ms  B=64 tiers(cache/recomp)=0.0/0.0 ms
PASS n=4096    k=4096    dist=0  err=4.209e-15  cpu=311.1 ms gpu=1.0 ms  B=64 tiers(cache/recomp)=0.0/0.0 ms
PASS n=4096    k=100     dist=1  err=4.562e-14  cpu=309.5 ms gpu=0.4 ms  B=64 tiers(cache/recomp)=0.0/0.0 ms
PASS n=4096    k=4096    dist=1  err=1.843e-14  cpu=387.8 ms gpu=0.9 ms  B=64 tiers(cache/recomp)=0.0/0.0 ms
PASS n=4096    k=100     dist=2  err=3.124e-15  cpu=177.3 ms gpu=0.4 ms  B=64 tiers(cache/recomp)=0.0/0.0 ms
PASS n=4096    k=4096    dist=2  err=3.054e-15  cpu=319.5 ms gpu=0.9 ms  B=64 tiers(cache/recomp)=0.0/0.0 ms
PASS n=16384   k=100     dist=0  err=5.176e-15  cpu=1306.1 ms gpu=1.5 ms  B=64 tiers(cache/recomp)=0.0/0.0 ms
PASS n=16384   k=16384   dist=0  err=7.538e-15  cpu=1576.6 ms gpu=4.5 ms  B=128 tiers(cache/recomp)=0.0/0.0 ms
PASS n=16384   k=100     dist=1  err=1.346e-13  cpu=2675.6 ms gpu=1.5 ms  B=64 tiers(cache/recomp)=0.0/0.0 ms
PASS n=16384   k=16384   dist=1  err=7.705e-14  cpu=1857.3 ms gpu=4.5 ms  B=128 tiers(cache/recomp)=0.0/0.0 ms
PASS n=16384   k=100     dist=2  err=3.139e-15  cpu=1157.1 ms gpu=1.5 ms  B=64 tiers(cache/recomp)=0.0/0.0 ms
PASS n=16384   k=16384   dist=2  err=7.471e-15  cpu=1611.6 ms gpu=4.5 ms  B=128 tiers(cache/recomp)=0.0/0.0 ms
PASS n=65536   k=100     dist=0  err=2.515e-14  cpu=7737.6 ms gpu=5.5 ms  B=64 tiers(cache/recomp)=0.0/0.0 ms
PASS n=65536   k=65536   dist=0  err=1.539e-14  cpu=8068.7 ms gpu=21.3 ms  B=128 tiers(cache/recomp)=0.0/0.0 ms
PASS n=65536   k=100     dist=1  err=7.569e-13  cpu=14848.5 ms gpu=5.4 ms  B=64 tiers(cache/recomp)=0.0/0.0 ms
PASS n=65536   k=65536   dist=1  err=2.989e-13  cpu=9104.1 ms gpu=21.3 ms  B=128 tiers(cache/recomp)=0.0/0.0 ms
PASS n=65536   k=100     dist=2  err=1.172e-14  cpu=7429.7 ms gpu=5.4 ms  B=64 tiers(cache/recomp)=0.0/0.0 ms
PASS n=65536   k=65536   dist=2  err=1.660e-14  cpu=8122.9 ms gpu=21.3 ms  B=128 tiers(cache/recomp)=0.0/0.0 ms
