  size=64 batch=1: sb=0.012 fus=0.013 cufft=0.041 -> schoolbook
  size=64 batch=4: sb=0.012 fus=0.014 cufft=0.041 -> schoolbook
  size=64 batch=16: sb=0.012 fus=0.014 cufft=0.040 -> schoolbook
  size=64 batch=64: sb=0.012 fus=0.014 cufft=0.043 -> schoolbook
  size=64 batch=256: sb=0.012 fus=0.014 cufft=0.046 -> schoolbook
  size=128 batch=1: sb=0.012 fus=0.016 cufft=0.042 -> schoolbook
  size=128 batch=4: sb=0.012 fus=0.015 cufft=0.042 -> schoolbook
  size=128 batch=16: sb=0.012 fus=0.016 cufft=0.041 -> schoolbook
  size=128 batch=64: sb=0.012 fus=0.016 cufft=0.043 -> schoolbook
  size=128 batch=256: sb=0.012 fus=0.016 cufft=0.046 -> schoolbook
  size=256 batch=1: sb=0.014 fus=0.016 cufft=0.042 -> schoolbook
  size=256 batch=4: sb=0.013 fus=0.016 cufft=0.042 -> schoolbook
  size=256 batch=16: sb=0.014 fus=0.015 cufft=0.047 -> schoolbook
  size=256 batch=64: sb=0.015 fus=0.015 cufft=0.049 -> schoolbook
  size=256 batch=256: sb=0.015 fus=0.016 cufft=0.051 -> schoolbook
  size=512 batch=1: sb=0.016 fus=0.015 cufft=0.039 -> fused
  size=512 batch=4: sb=0.016 fus=0.019 cufft=0.043 -> schoolbook
  size=512 batch=16: sb=0.017 fus=0.019 cufft=0.046 -> schoolbook
  size=512 batch=64: sb=0.018 fus=0.019 cufft=0.046 -> schoolbook
  size=512 batch=256: sb=0.022 fus=0.019 cufft=0.052 -> fused
  size=1024 batch=1: sb=0.032 fus=0.021 cufft=0.040 -> fused
  size=1024 batch=4: sb=0.032 fus=0.029 cufft=0.047 -> fused
  size=1024 batch=16: sb=0.032 fus=0.029 cufft=0.048 -> fused
  size=1024 batch=64: sb=0.033 fus=0.029 cufft=0.051 -> fused
  size=1024 batch=256: sb=0.046 fus=0.029 cufft=0.061 -> fused
  size=2048 batch=1: sb=0.083 fus=0.029 cufft=0.045 -> fused
  size=2048 batch=4: sb=0.083 fus=0.046 cufft=0.049 -> fused
  size=2048 batch=16: sb=0.083 fus=0.046 cufft=0.051 -> fused
  size=2048 batch=64: sb=0.083 fus=0.045 cufft=0.054 -> fused
  size=2048 batch=256: sb=0.142 fus=0.045 cufft=0.074 -> fused
  size=4096 batch=1: sb=0.276 fus=0.045 cufft=0.058 -> fused
  size=4096 batch=4: sb=0.276 fus=0.084 cufft=0.060 -> cufft
  size=4096 batch=16: sb=0.276 fus=0.084 cufft=0.062 -> cufft
  size=4096 batch=64: sb=0.277 fus=0.084 cufft=0.067 -> cufft
  size=4096 batch=256: sb=0.505 fus=0.084 cufft=0.123 -> fused
  size=8192 batch=1: sb=1.019 fus=0.096 cufft=0.088 -> cufft
  size=8192 batch=4: sb=1.021 fus=0.099 cufft=0.089 -> cufft
  size=8192 batch=16: sb=1.020 fus=0.099 cufft=0.092 -> cufft
  size=8192 batch=64: sb=1.021 fus=0.099 cufft=0.102 -> fused
  size=8192 batch=256: sb=1.937 fus=0.192 cufft=0.209 -> fused
  size=16384 batch=1: sb=3.928 fus=-1.000 cufft=0.100 -> cufft
  size=16384 batch=4: sb=3.930 fus=-1.000 cufft=0.103 -> cufft
  size=16384 batch=16: sb=3.933 fus=-1.000 cufft=0.107 -> cufft
  size=16384 batch=64: sb=3.939 fus=-1.000 cufft=0.150 -> cufft
  size=16384 batch=256: sb=7.882 fus=-1.000 cufft=0.436 -> cufft
  size=32768 batch=1: sb=-1.000 fus=-1.000 cufft=0.189 -> cufft
  size=32768 batch=4: sb=-1.000 fus=-1.000 cufft=0.192 -> cufft
  size=32768 batch=16: sb=-1.000 fus=-1.000 cufft=0.202 -> cufft
  size=32768 batch=64: sb=-1.000 fus=-1.000 cufft=0.284 -> cufft
  size=32768 batch=256: sb=-1.000 fus=-1.000 cufft=1.018 -> cufft
  size=65536 batch=1: sb=-1.000 fus=-1.000 cufft=0.113 -> cufft
  size=65536 batch=4: sb=-1.000 fus=-1.000 cufft=0.115 -> cufft
  size=65536 batch=16: sb=-1.000 fus=-1.000 cufft=0.186 -> cufft
  size=65536 batch=64: sb=-1.000 fus=-1.000 cufft=0.503 -> cufft
  size=65536 batch=256: sb=-1.000 fus=-1.000 cufft=1.782 -> cufft
  size=131072 batch=1: sb=-1.000 fus=-1.000 cufft=0.113 -> cufft
  size=131072 batch=4: sb=-1.000 fus=-1.000 cufft=0.133 -> cufft
  size=131072 batch=16: sb=-1.000 fus=-1.000 cufft=0.280 -> cufft
  size=131072 batch=64: sb=-1.000 fus=-1.000 cufft=0.962 -> cufft
  size=131072 batch=256: sb=-1.000 fus=-1.000 cufft=3.436 -> cufft
  size=262144 batch=1: sb=-1.000 fus=-1.000 cufft=0.125 -> cufft
  size=262144 batch=4: sb=-1.000 fus=-1.000 cufft=0.194 -> cufft
  size=262144 batch=16: sb=-1.000 fus=-1.000 cufft=0.523 -> cufft
  size=262144 batch=64: sb=-1.000 fus=-1.000 cufft=1.856 -> cufft
  size=524288 batch=1: sb=-1.000 fus=-1.000 cufft=0.147 -> cufft
  size=524288 batch=4: sb=-1.000 fus=-1.000 cufft=0.298 -> cufft
  size=524288 batch=16: sb=-1.000 fus=-1.000 cufft=1.027 -> cufft
  size=524288 batch=64: sb=-1.000 fus=-1.000 cufft=3.683 -> cufft

Tier ablation complete.
